<?xml version="1.0" encoding="UTF-8"?>
<testsuite name="TestSuite" time="71.941" tests="4" errors="0" skipped="0" failures="2">
  <properties>
[...]
</properties>
  <testcase name="TC01_Dang_Ki_Account" classname="com.training.demo.feature.AddNewCustomer.AddNewCustomerTest" time="14.521"/>
  <testcase name="TC02_Dang_Nhap" classname="com.training.demo.feature.AddNewCustomer.AddNewCustomerTest" time="9.956"/>
  <testcase name="TC03_New_Customer" classname="com.training.demo.feature.AddNewCustomer.AddNewCustomerTest" time="12.79">
    <failure message="expected [MÃª Linh HÃ  Ná»™i] but found [MÃª Linh HÃ  Ná»™i]" type="java.lang.AssertionError">java.lang.AssertionError: expected [MÃª Linh HÃ  Ná»™i] but found [MÃª Linh HÃ  Ná»™i]
	at org.testng.Assert.fail(Assert.java:97)
	at org.testng.Assert.assertEqualsImpl(Assert.java:136)
	at org.testng.Assert.assertEquals(Assert.java:118)
	at org.testng.Assert.assertEquals(Assert.java:575)
	at org.testng.Assert.assertEquals(Assert.java:585)
	at com.training.demo.feature.AddNewCustomer.AddNewCustomerTest.TC03_New_Customer(AddNewCustomerTest.java:90)
</failure>
  </testcase>
  <testcase name="TC04_Edit_Customer" classname="com.training.demo.feature.EditCustomer.EditCustomerTest" time="34.674">
    <failure message="Expected condition failed: waiting for visibility of element located by By.xpath: //textarea[@name=&apos;addr&apos;] (tried for 30 second(s) with 500 milliseconds interval)" type="org.openqa.selenium.TimeoutException">org.openqa.selenium.TimeoutException: Expected condition failed: waiting for visibility of element located by By.xpath: //textarea[@name='addr'] (tried for 30 second(s) with 500 milliseconds interval)
	at jdk.internal.reflect.GeneratedConstructorAccessor12.newInstance(Unknown Source)
	at java.base/jdk.internal.reflect.DelegatingConstructorAccessorImpl.newInstance(DelegatingConstructorAccessorImpl.java:45)
	at java.base/java.lang.reflect.Constructor.newInstance(Constructor.java:490)
	at org.openqa.selenium.remote.http.W3CHttpResponseCodec.createException(W3CHttpResponseCodec.java:187)
	at org.openqa.selenium.remote.http.W3CHttpResponseCodec.decode(W3CHttpResponseCodec.java:122)
	at org.openqa.selenium.remote.http.W3CHttpResponseCodec.decode(W3CHttpResponseCodec.java:49)
	at org.openqa.selenium.remote.HttpCommandExecutor.execute(HttpCommandExecutor.java:158)
	at org.openqa.selenium.remote.service.DriverCommandExecutor.execute(DriverCommandExecutor.java:83)
	at org.openqa.selenium.remote.RemoteWebDriver.execute(RemoteWebDriver.java:552)
	at org.openqa.selenium.remote.RemoteWebDriver.findElement(RemoteWebDriver.java:323)
	at org.openqa.selenium.remote.RemoteWebDriver.findElementByXPath(RemoteWebDriver.java:428)
	at org.openqa.selenium.By$ByXPath.findElement(By.java:353)
	at org.openqa.selenium.remote.RemoteWebDriver.findElement(RemoteWebDriver.java:315)
	at org.openqa.selenium.support.ui.ExpectedConditions$7.apply(ExpectedConditions.java:205)
	at org.openqa.selenium.support.ui.ExpectedConditions$7.apply(ExpectedConditions.java:201)
	at org.openqa.selenium.support.ui.FluentWait.until(FluentWait.java:249)
	at com.training.demo.core.BasePage.waitForElementVisible(BasePage.java:546)
	at com.training.demo.pageobject.EditCustomerPageOjbect.inputToAddressTextbox(EditCustomerPageOjbect.java:31)
	at com.training.demo.feature.EditCustomer.EditCustomerTest.TC04_Edit_Customer(EditCustomerTest.java:59)
</failure>
    <system-err><![CDATA[Starting ChromeDriver 107.0.5304.62 (1eec40d3a5764881c92085aaee66d25075c159aa-refs/branch-heads/5304@{#942}) on port 36348
Only local connections are allowed.
Please see https://chromedriver.chromium.org/security-considerations for suggestions on keeping ChromeDriver safe.
ChromeDriver was started successfully.
Nov 28, 2022 11:19:42 PM org.openqa.selenium.remote.ProtocolHandshake createSession
INFO: Detected dialect: W3C
]]></system-err>
  </testcase>
</testsuite>